Build started 10/12/2015 15:32:36.
     1>Project "C:\Users\Roger\Desktop\GUI\Motor2D\Motor2D.vcxproj" on node 2 (Build target(s)).
     1>ClCompile:
         D:\VisualStudio\VC\bin\CL.exe /c /ZI /nologo /W3 /WX- /sdl /Od /Oy- /D _ITERATOR_DEBUG_LEVEL=0 /D _MBCS /Gm /EHsc /RTC1 /MD /GS /fp:precise /Zc:wchar_t /Zc:forScope /Fo"Debug\\" /Fd"Debug\vc120.pdb" /Gd /TP /analyze- /errorReport:prompt j1Gui.cpp
         j1Gui.cpp
       Link:
         D:\VisualStudio\VC\bin\link.exe /ERRORREPORT:PROMPT /OUT:"C:\Users\Roger\Desktop\GUI\Debug\Development - Class 11.exe" /INCREMENTAL /NOLOGO kernel32.lib user32.lib gdi32.lib winspool.lib comdlg32.lib advapi32.lib shell32.lib ole32.lib oleaut32.lib uuid.lib odbc32.lib odbccp32.lib /MANIFEST /MANIFESTUAC:"level='asInvoker' uiAccess='false'" /manifest:embed /DEBUG /PDB:"C:\Users\Roger\Desktop\GUI\Debug\Development - Class 11.pdb" /SUBSYSTEM:WINDOWS /TLBID:1 /DYNAMICBASE /NXCOMPAT /IMPLIB:"C:\Users\Roger\Desktop\GUI\Debug\Development - Class 11.lib" /MACHINE:X86 Debug\j1FileSystem.obj
         Debug\j1Fonts.obj
         Debug\j1Gui.obj
         Debug\j1Main.obj
         Debug\j1App.obj
         Debug\j1Audio.obj
         Debug\j1Input.obj
         Debug\j1Map.obj
         Debug\j1Pathfinding.obj
         Debug\j1PerfTimer.obj
         Debug\j1Scene.obj
         Debug\j1Timer.obj
         Debug\p2Log.obj
         Debug\j1Render.obj
         Debug\j1Textures.obj
         Debug\j1Window.obj
         Debug\pugixml.obj
         Motor2D.vcxproj -> C:\Users\Roger\Desktop\GUI\Debug\Development - Class 11.exe
     1>Done Building Project "C:\Users\Roger\Desktop\GUI\Motor2D\Motor2D.vcxproj" (Build target(s)).

Build succeeded.

Time Elapsed 00:00:01.10
